0 info it worked if it ends with ok
1 verbose cli [ 'C:\\Program Files\\nodejs\\node.exe',
1 verbose cli   'C:\\Program Files\\nodejs\\node_modules\\npm\\bin\\npm-cli.js',
1 verbose cli   'publish' ]
2 info using npm@3.10.10
3 info using node@v6.11.0
4 verbose publish [ '.' ]
5 silly cache add args [ '.', null ]
6 verbose cache add spec .
7 silly cache add parsed spec Result {
7 silly cache add   raw: '.',
7 silly cache add   scope: null,
7 silly cache add   escapedName: null,
7 silly cache add   name: null,
7 silly cache add   rawSpec: '.',
7 silly cache add   spec: 'D:\\GitHub\\ngx-bootstrap-datetime-picker',
7 silly cache add   type: 'directory' }
8 verbose addLocalDirectory C:\Users\Darren\AppData\Roaming\npm-cache\ngx-bootstrap-datetime-picker\1.0.0\package.tgz not in flight; packing
9 verbose correctMkdir C:\Users\Darren\AppData\Roaming\npm-cache correctMkdir not in flight; initializing
10 info lifecycle ngx-bootstrap-datetime-picker@1.0.0~prepublish: ngx-bootstrap-datetime-picker@1.0.0
11 silly lifecycle ngx-bootstrap-datetime-picker@1.0.0~prepublish: no script for prepublish, continuing
12 verbose tar pack [ 'C:\\Users\\Darren\\AppData\\Roaming\\npm-cache\\ngx-bootstrap-datetime-picker\\1.0.0\\package.tgz',
12 verbose tar pack   'D:\\GitHub\\ngx-bootstrap-datetime-picker' ]
13 verbose tarball C:\Users\Darren\AppData\Roaming\npm-cache\ngx-bootstrap-datetime-picker\1.0.0\package.tgz
14 verbose folder D:\GitHub\ngx-bootstrap-datetime-picker
15 verbose addLocalTarball adding from inside cache C:\Users\Darren\AppData\Roaming\npm-cache\ngx-bootstrap-datetime-picker\1.0.0\package.tgz
16 verbose correctMkdir C:\Users\Darren\AppData\Roaming\npm-cache correctMkdir not in flight; initializing
17 silly cache afterAdd ngx-bootstrap-datetime-picker@1.0.0
18 verbose afterAdd C:\Users\Darren\AppData\Roaming\npm-cache\ngx-bootstrap-datetime-picker\1.0.0\package\package.json not in flight; writing
19 verbose correctMkdir C:\Users\Darren\AppData\Roaming\npm-cache correctMkdir not in flight; initializing
20 verbose afterAdd C:\Users\Darren\AppData\Roaming\npm-cache\ngx-bootstrap-datetime-picker\1.0.0\package\package.json written
21 silly publish { name: 'ngx-bootstrap-datetime-picker',
21 silly publish   version: '1.0.0',
21 silly publish   description: 'Datetime picker that uses ngx-bootstrap datePicker and timePicker',
21 silly publish   keywords:
21 silly publish    [ 'Angular2',
21 silly publish      'Angular4',
21 silly publish      'date picker',
21 silly publish      'time picker',
21 silly publish      'datetime picker' ],
21 silly publish   author: { name: 'Gillardo' },
21 silly publish   license: 'MIT',
21 silly publish   url: 'https://github.com/Gillardo//ngx-bootstrap-datetime-picker.git',
21 silly publish   scripts:
21 silly publish    { watch: 'webpack --watch --progress --profile',
21 silly publish      debug: 'rimraf demo/build && webpack --progress --profile --bail',
21 silly publish      build: 'rimraf demo/build && webpack --progress --profile --bail' },
21 silly publish   dependencies: {},
21 silly publish   devDependencies:
21 silly publish    { '@angular/common': '2.2.4',
21 silly publish      '@angular/compiler': '2.2.4',
21 silly publish      '@angular/compiler-cli': '2.2.4',
21 silly publish      '@angular/core': '2.2.4',
21 silly publish      '@angular/forms': '2.2.4',
21 silly publish      '@angular/platform-browser': '2.2.4',
21 silly publish      '@angular/platform-browser-dynamic': '2.2.4',
21 silly publish      '@types/core-js': '^0.9.42',
21 silly publish      '@types/node': '7.0.1',
21 silly publish      'awesome-typescript-loader': '^3.2.1',
21 silly publish      codelyzer: '2.0.0-beta.1',
21 silly publish      concurrently: '3.0.0',
21 silly publish      'core-js': '2.4.1',
21 silly publish      'html-webpack-plugin': '^2.29.0',
21 silly publish      'reflect-metadata': '0.1.8',
21 silly publish      rimraf: '^2.6.1',
21 silly publish      rm: '^0.1.8',
21 silly publish      rxjs: '5.0.0-beta.12',
21 silly publish      tslib: '^1.7.1',
21 silly publish      tslint: '4.0.2',
21 silly publish      typescript: '2.0.3',
21 silly publish      'uglify-js': '3.0.13',
21 silly publish      webpack: '^3.3.0',
21 silly publish      'zone.js': '0.6.25' },
21 silly publish   bugs: { url: 'https://github.com/gillardo/ngx-bootstrap-datetime-picker/issues' },
21 silly publish   homepage: 'https://github.com/gillardo/ngx-bootstrap-datetime-picker#readme',
21 silly publish   main: 'src/index.ts',
21 silly publish   readme: '# ngx-bootstrap-datetime-picker\r\nDate and time picker using ngx-bootstrap library\r\n\r\nTo use the component, import the `DateTimePickerModule` via your .ts code, and add it to your modules\r\n\r\n```\r\nimport { DateTimePickerModule } from \'ngx-bootstrap-datetime-picker\';\r\n```\r\n\r\nNow add the component to your HTML.\r\n\r\n```\r\n<datetime-picker [(value)]="myDate"></datetime-picker>\r\n```\r\n\r\nSince i dont really like the style of the ngx-bootstrap datePicker, you can override the css like any other style, here is an example, which can be found in the demo folder.\r\n\r\nThis css also overrides the glyphicon icons that are no longer used in bootstrap 4.\r\n\r\n```\r\ndatetime-picker > .dropdown .glyphicon {\r\n    display: inline-block;\r\n    font: normal normal normal 14px/1 FontAwesome;\r\n    font-size: inherit;\r\n    text-rendering: auto;\r\n    -webkit-font-smoothing: antialiased;\r\n    -moz-osx-font-smoothing: grayscale;\r\n}\r\n\r\ndatetime-picker > .dropdown timepicker {\r\n    display: flex;\r\n    justify-content: center;\r\n}\r\n\r\ndatetime-picker > .dropdown .bg-faded {\r\n    border:0;\r\n    background-color: #fff;\r\n}\r\n\r\ndatetime-picker > .dropdown datepicker button {\r\n    border:0;\r\n    background-color: #fff;\r\n}\r\n\r\ndatetime-picker > .dropdown datepicker button.active {\r\n    background-color: #ddd;\r\n}\r\n\r\ndatetime-picker > .dropdown .glyphicon.glyphicon-remove-circle:before {\r\n    content: "\\f05c";\r\n}\r\n\r\ndatetime-picker > .dropdown .glyphicon.glyphicon-chevron-down:before {\r\n    content: "\\f078";\r\n}\r\n\r\ndatetime-picker > .dropdown .glyphicon.glyphicon-chevron-up:before {\r\n    content: "\\f077";\r\n}\r\n\r\ndatetime-picker > .dropdown .glyphicon.glyphicon-chevron-left:before {\r\n    content: "\\f053";\r\n}\r\n\r\ndatetime-picker > .dropdown .glyphicon.glyphicon-chevron-right:before {\r\n    content: "\\f054";\r\n}\r\n\r\ndatetime-picker > .dropdown .glyphicon.hidden {\r\n    display: none !important;\r\n}\r\n```\r\n\r\nIf you want more features please create a PR as i am a little struck for time at the moment.  Happy coding!\r\n',
21 silly publish   readmeFilename: 'README.md',
21 silly publish   gitHead: '5e2193186480a33de41d6b1ae39772ec84f5d922',
21 silly publish   _id: 'ngx-bootstrap-datetime-picker@1.0.0',
21 silly publish   _shasum: '016ba9b23a834b8d66a37253f90b9985717fe854',
21 silly publish   _from: '.' }
22 verbose getPublishConfig undefined
23 silly mapToRegistry name ngx-bootstrap-datetime-picker
24 silly mapToRegistry using default registry
25 silly mapToRegistry registry https://registry.npmjs.org/
26 silly mapToRegistry data Result {
26 silly mapToRegistry   raw: 'ngx-bootstrap-datetime-picker',
26 silly mapToRegistry   scope: null,
26 silly mapToRegistry   escapedName: 'ngx-bootstrap-datetime-picker',
26 silly mapToRegistry   name: 'ngx-bootstrap-datetime-picker',
26 silly mapToRegistry   rawSpec: '',
26 silly mapToRegistry   spec: 'latest',
26 silly mapToRegistry   type: 'tag' }
27 silly mapToRegistry uri https://registry.npmjs.org/ngx-bootstrap-datetime-picker
28 verbose publish registryBase https://registry.npmjs.org/
29 silly publish uploading C:\Users\Darren\AppData\Roaming\npm-cache\ngx-bootstrap-datetime-picker\1.0.0\package.tgz
30 verbose request uri https://registry.npmjs.org/ngx-bootstrap-datetime-picker
31 verbose request sending authorization for write operation
32 info attempt registry request try #1 at 1:06:17 PM
33 verbose request using bearer token for auth
34 verbose request id c77ad164da913e80
35 http request PUT https://registry.npmjs.org/ngx-bootstrap-datetime-picker
36 http 403 https://registry.npmjs.org/ngx-bootstrap-datetime-picker
37 verbose headers { 'content-type': 'application/json',
37 verbose headers   'cache-control': 'max-age=300',
37 verbose headers   'content-length': '123',
37 verbose headers   'accept-ranges': 'bytes',
37 verbose headers   date: 'Mon, 17 Jul 2017 12:06:17 GMT',
37 verbose headers   via: '1.1 varnish',
37 verbose headers   connection: 'keep-alive',
37 verbose headers   'x-served-by': 'cache-lcy1135-LCY',
37 verbose headers   'x-cache': 'MISS',
37 verbose headers   'x-cache-hits': '0',
37 verbose headers   'x-timer': 'S1500293177.363720,VS0,VE572',
37 verbose headers   vary: 'Accept-Encoding, Accept' }
38 verbose request invalidating C:\Users\Darren\AppData\Roaming\npm-cache\registry.npmjs.org\ngx-bootstrap-datetime-picker on PUT
39 error publish Failed PUT 403
40 verbose stack Error: you do not have permission to publish "ngx-bootstrap-datetime-picker". Are you logged in as the correct user? : ngx-bootstrap-datetime-picker
40 verbose stack     at makeError (C:\Program Files\nodejs\node_modules\npm\node_modules\npm-registry-client\lib\request.js:302:12)
40 verbose stack     at CachingRegistryClient.<anonymous> (C:\Program Files\nodejs\node_modules\npm\node_modules\npm-registry-client\lib\request.js:290:14)
40 verbose stack     at Request._callback (C:\Program Files\nodejs\node_modules\npm\node_modules\npm-registry-client\lib\request.js:210:14)
40 verbose stack     at Request.self.callback (C:\Program Files\nodejs\node_modules\npm\node_modules\request\request.js:187:22)
40 verbose stack     at emitTwo (events.js:106:13)
40 verbose stack     at Request.emit (events.js:191:7)
40 verbose stack     at Request.<anonymous> (C:\Program Files\nodejs\node_modules\npm\node_modules\request\request.js:1048:10)
40 verbose stack     at emitOne (events.js:96:13)
40 verbose stack     at Request.emit (events.js:188:7)
40 verbose stack     at IncomingMessage.<anonymous> (C:\Program Files\nodejs\node_modules\npm\node_modules\request\request.js:969:12)
41 verbose statusCode 403
42 verbose pkgid ngx-bootstrap-datetime-picker
43 verbose cwd D:\GitHub\ngx-bootstrap-datetime-picker
44 error Windows_NT 10.0.15063
45 error argv "C:\\Program Files\\nodejs\\node.exe" "C:\\Program Files\\nodejs\\node_modules\\npm\\bin\\npm-cli.js" "publish"
46 error node v6.11.0
47 error npm  v3.10.10
48 error code E403
49 error you do not have permission to publish "ngx-bootstrap-datetime-picker". Are you logged in as the correct user? : ngx-bootstrap-datetime-picker
50 error If you need help, you may report this error at:
50 error     <https://github.com/npm/npm/issues>
51 verbose exit [ 1, true ]
